INFO: [VRFC 10-2263] Analyzing SystemVerilog file "C:/Users/user/Desktop/Micro_Architecture/branch_pred_project/branch_pred_project.srcs/sources_1/new/design.sv" into library xil_defaultlib
INFO: [VRFC 10-311] analyzing module pc
INFO: [VRFC 10-311] analyzing module instr_mem
INFO: [VRFC 10-311] analyzing module imm_gen
INFO: [VRFC 10-311] analyzing module reg_file
INFO: [VRFC 10-311] analyzing module alu
INFO: [VRFC 10-311] analyzing module data_mem
INFO: [VRFC 10-311] analyzing module adder4
INFO: [VRFC 10-311] analyzing module mux2x1
INFO: [VRFC 10-311] analyzing module mux3x1
INFO: [VRFC 10-311] analyzing module main_decoder
INFO: [VRFC 10-311] analyzing module alu_decoder
INFO: [VRFC 10-311] analyzing module hazard_unit
INFO: [VRFC 10-311] analyzing module control_unit
INFO: [VRFC 10-311] analyzing module data_path
INFO: [VRFC 10-311] analyzing module RISCV_Pipelined
INFO: [VRFC 10-2263] Analyzing SystemVerilog file "C:/Users/user/Desktop/Micro_Architecture/branch_pred_project/branch_pred_project.srcs/sim_1/new/tb.sv" into library xil_defaultlib
INFO: [VRFC 10-311] analyzing module tb_RISCV_Pipelined
INFO: [VRFC 10-2263] Analyzing Verilog file "C:/Users/user/Desktop/Micro_Architecture/branch_pred_project/branch_pred_project.sim/sim_1/behav/xsim/glbl.v" into library xil_defaultlib
INFO: [VRFC 10-311] analyzing module glbl
