Vivado Simulator 2018.2
Copyright 1986-1999, 2001-2018 Xilinx, Inc. All Rights Reserved.
Running: C:/Xilinx/Vivado/2018.2/bin/unwrapped/win64.o/xelab.exe -wto 3dde538517e640dc9413200215be7c07 --incr --debug typical --relax --mt 2 -L xil_defaultlib -L unisims_ver -L unimacro_ver -L secureip --snapshot tb_RISCV_Pipelined_behav xil_defaultlib.tb_RISCV_Pipelined xil_defaultlib.glbl -log elaborate.log 
Using 2 slave threads.
Starting static elaboration
Completed static elaboration
Starting simulation data flow analysis
Completed simulation data flow analysis
Time Resolution for simulation is 1ps
Compiling module xil_defaultlib.main_decoder
Compiling module xil_defaultlib.alu_decoder
Compiling module xil_defaultlib.hazard_unit
Compiling module xil_defaultlib.control_unit
Compiling module xil_defaultlib.mux2x1
Compiling module xil_defaultlib.pc
Compiling module xil_defaultlib.instr_mem
Compiling module xil_defaultlib.adder4
Compiling module xil_defaultlib.reg_file
Compiling module xil_defaultlib.imm_gen
Compiling module xil_defaultlib.mux3x1
Compiling module xil_defaultlib.alu
Compiling module xil_defaultlib.data_mem
Compiling module xil_defaultlib.data_path
Compiling module xil_defaultlib.RISCV_Pipelined
Compiling module xil_defaultlib.tb_RISCV_Pipelined
Compiling module xil_defaultlib.glbl
Built simulation snapshot tb_RISCV_Pipelined_behav
